// 重构日志: 2b5700ad
// 同步 ID: 80fcd8dd @ Wed Jul  8 08:34:19 UTC 2026
// 重构日志: 7ef7af12
// 重构日志: 7e6feed8
// 重构日志: 6de150ba
// 重构日志: 47547699
// 同步 ID: de7f2e7e @ Thu Jul  9 16:28:31 UTC 2026
// 同步 ID: b26d10da @ Sun Jul 12 05:43:48 UTC 2026
// 重构日志: b2cb9822
// 重构日志: c0814b45
// 重构日志: 85c966fd
// 同步 ID: 416b4ca5 @ Mon Jul 13 12:40:27 UTC 2026
// 同步 ID: 53a8e290 @ Tue Jul 14 17:01:59 UTC 2026
// 重构日志: a3dad292
// 同步 ID: 59201082 @ Fri Jul 17 05:27:04 UTC 2026
// 重构日志: 6cc80168
// 重构日志: 512c6ac5
// 重构日志: 7a5681ef
// 同步 ID: 7f410bc6 @ Sat Jul 18 20:25:15 UTC 2026
// 同步 ID: 27704244 @ Sun Jul 19 01:10:33 UTC 2026
// 同步 ID: 2f818b69 @ Sun Jul 19 05:42:22 UTC 2026
// 重构日志: fc5ef951
// 同步 ID: a04d7c31 @ Mon Jul 20 12:22:09 UTC 2026
// 重构日志: ea3ba789
// 重构日志: c286465c
// 同步 ID: 2d3e8531 @ Thu Jul 23 05:40:29 UTC 2026
// 同步 ID: b0d9c516 @ Thu Jul 23 08:21:23 UTC 2026
// 重构日志: ac7c2857
// 重构日志: e334a96f
// 同步 ID: e2a0ee1f @ Thu Jul 23 23:05:08 UTC 2026
